You are a automated program repair tool for C and C++. Your task is to provide a fix for the buggy function below.

<<< Buggy Function:
static void code_not(bfuncinfo *finfo, bexpdesc *e)
{
    switch (e->type) {
    case ETINT: e->v.i = e->v.i == 0; break;
    case ETREAL: e->v.i = e->v.r == cast(breal, 0); break;
    case ETNIL: e->v.i = 1; break;
    case ETBOOL: e->v.i = !e->v.i; break;
    case ETSTRING: e->v.i = 0; break;
    default: {
        
        int temp = e->t;
        e->t = e->f;
        e->f = temp;
        e->not = NOT_EXPR | (e->not ^ NOT_MASK);
        return;
    }
    }
    e->type = ETBOOL;
}

>>>

The following was the errors outputted by a failed test case.

<<< Test Failed Log:
assert_failed: assert failed!
stack traceback:
	<native>: in native function
	tests/bool.be:25: in function `main`

>>>

The following is the relevant code of that failed test case.

<<< Test Code:
# test cases for boolean expressions

assert(1 != false && 1 != true)
assert(0 != false && 0 != true)
assert(!!1 == true)
assert(!!0 == false)

a = true
b = false
assert(!!list == true)
assert(a && b == false)
assert(!(a && b))
def test(a, b)
    while !(a && b)
        assert(false)
    end
end
test(true, true)

# bug in unary 
def f(i)
    var j = !i       # bug if i is erroneously modified
    return i
end
assert(f(1) == 1)

>>>

The function provided by you is still not correct! Your repaired function is:

<<< Function Repaired By You:
static void code_not(bfuncinfo *finfo, bexpdesc *e)
{
    switch (e->type) {
    case ETINT:
        e->v.i = !e->v.i;
        break;
    case ETREAL:
        e->v.i = !e->v.r;
        break;
    case ETNIL:
        e->v.i = 1;
        break;
    case ETBOOL:
        e->v.i = !e->v.i;
        break;
    case ETSTRING:
        e->v.i = 0;
        break;
    default:
        int temp = e->t;
        e->t = e->f;
        e->f = temp;
        e->not = NOT_EXPR | (e->not ^ NOT_MASK);
        return;
    }
    e->type = ETBOOL;
    e->t = e->f = e->next = 0;
}

>>>

That function has the following compiliation error:

<<< Compliation Error:
[Compile] src/be_timelib.c
[Compile] src/be_code.c
src/be_code.c: In function 'code_not':
src/be_code.c:591:9: error: a label can only be part of a statement and a declaration is not a statement
  591 |         int temp = e->t;
      |         ^~~
src/be_code.c:598:20: error: 'bexpdesc' {aka 'struct <anonymous>'} has no member named 'next'
  598 |     e->t = e->f = e->next = 0;
      |                    ^~
src/be_code.c:572:33: warning: unused parameter 'finfo' [-Wunused-parameter]
  572 | static void code_not(bfuncinfo *finfo, bexpdesc *e)
      |                      ~~~~~~~~~~~^~~~~
make: *** [Makefile:70: src/be_code.o] Error 1

  Closing container

>>>

You will only respond with your repaired function in a code snippet as below:
```
<Your repaired function>
```
