test_result: 
openssl-14: 
build_result: True
test_cases_result:  
pass_rate: 0.0
pass_test_cases: []
fail_test_cases: ['openssl-buggy-14-65']
fail_test_cases_info: {'openssl-buggy-14-65': {'failing_info': 'make depend && make _tests\nmake[1]: Entering directory \'/home/workspace\'\nmake[1]: Leaving directory \'/home/workspace\'\nmake[1]: Entering directory \'/home/workspace\'\n( SRCTOP=. \\\n  BLDTOP=. \\\n  PERL="/usr/bin/perl" \\\n  FIPSKEY="f4556650ac31d35461610bac4ed81b1a181b2d8a43ea2854cbae22ca74560813" \\\n  EXE_EXT= \\\n  /usr/bin/perl ./test/run_tests.pl test_ecdsa )\n\n        # INFO:  @ test/ecdsatest.c:241\n        # testing ECDSA for curve secp112r1 as EC key type\n../../util/wrap.pl ../../test/ecdsatest => 139\nnot ok 1 - running ecdsatest\n# ------------------------------------------------------------------------------\n#   Failed test \'running ecdsatest\'\n#   at /home/workspace/util/perl/OpenSSL/Test/Simple.pm line 77.\n# Looks like you failed 1 test of 1.15-test_ecdsa.t .. \nDubious, test returned 1 (wstat 256, 0x100)\nFailed 1/1 subtests \n\nTest Summary Report\n-------------------\n15-test_ecdsa.t (Wstat: 256 Tests: 1 Failed: 1)\n  Failed test:  1\n  Non-zero exit status: 1\nFiles=1, Tests=1,  1 wallclock secs ( 0.01 usr  0.00 sys +  0.10 cusr  0.02 csys =  0.13 CPU)\nResult: FAIL\nMakefile:3197: recipe for target \'_tests\' failed\nmake[1]: *** [_tests] Error 1\nmake[1]: Leaving directory \'/home/workspace\'\nMakefile:3195: recipe for target \'tests\' failed\nmake: *** [tests] Error 2\n', 'tc_code': '# args:\n#  name\t\t\t(used with setup())\n#  algorithm\t\t(used to check if it\'s at all supported)\n#  name of binary\t(the program that does the actual test)\nsub simple_test {\n    my ($name, $prgr, @algos) = @_;\n\n    setup($name);\n\n    if (scalar(disabled(@algos))) {\n\tif (scalar(@algos) == 1) {\n\t    plan skip_all => $algos[0]." is not supported by this OpenSSL build";\n\t} else {\n\t    my $last = pop @algos;\n\t    plan skip_all => join(", ", @algos)." and $last are not supported by this OpenSSL build";\n\t}\n    }\n\n    plan tests => 1;\n\n    ok(run(test([$prgr])), "running $prgr");\n}'}}
